<?xml version="1.0" encoding="UTF-8"?>
<testsuite name="com.songr.songr.SongrApplicationTests" tests="1" skipped="0" failures="0" errors="0" timestamp="2021-10-10T15:51:39" hostname="DESKTOP-UI80TPT" time="0.714">
  <properties/>
  <testcase name="albumConstructor()" classname="com.songr.songr.SongrApplicationTests" time="0.714"/>
  <system-out><![CDATA[18:51:35.606 [Test worker] DEBUG org.springframework.test.context.BootstrapUtils - Instantiating CacheAwareContextLoaderDelegate from class [org.springframework.test.context.cache.DefaultCacheAwareContextLoaderDelegate]
18:51:35.626 [Test worker] DEBUG org.springframework.test.context.BootstrapUtils - Instantiating BootstrapContext using constructor [public org.springframework.test.context.support.DefaultBootstrapContext(java.lang.Class,org.springframework.test.context.CacheAwareContextLoaderDelegate)]
18:51:35.675 [Test worker] DEBUG org.springframework.test.context.BootstrapUtils - Instantiating TestContextBootstrapper for test class [com.songr.songr.SongrApplicationTests] from class [org.springframework.boot.test.context.SpringBootTestContextBootstrapper]
18:51:35.693 [Test worker] INFO org.springframework.boot.test.context.SpringBootTestContextBootstrapper - Neither @ContextConfiguration nor @ContextHierarchy found for test class [com.songr.songr.SongrApplicationTests], using SpringBootContextLoader
18:51:35.700 [Test worker] DEBUG org.springframework.test.context.support.AbstractContextLoader - Did not detect default resource location for test class [com.songr.songr.SongrApplicationTests]: class path resource [com/songr/songr/SongrApplicationTests-context.xml] does not exist
18:51:35.701 [Test worker] DEBUG org.springframework.test.context.support.AbstractContextLoader - Did not detect default resource location for test class [com.songr.songr.SongrApplicationTests]: class path resource [com/songr/songr/SongrApplicationTestsContext.groovy] does not exist
18:51:35.702 [Test worker] INFO org.springframework.test.context.support.AbstractContextLoader - Could not detect default resource locations for test class [com.songr.songr.SongrApplicationTests]: no resource found for suffixes {-context.xml, Context.groovy}.
18:51:35.703 [Test worker] INFO org.springframework.test.context.support.AnnotationConfigContextLoaderUtils - Could not detect default configuration classes for test class [com.songr.songr.SongrApplicationTests]: SongrApplicationTests does not declare any static, non-private, non-final, nested classes annotated with @Configuration.
18:51:35.788 [Test worker] DEBUG org.springframework.test.context.support.ActiveProfilesUtils - Could not find an 'annotation declaring class' for annotation type [org.springframework.test.context.ActiveProfiles] and class [com.songr.songr.SongrApplicationTests]
18:51:35.933 [Test worker] DEBUG org.springframework.context.annotation.ClassPathScanningCandidateComponentProvider - Identified candidate component class: file [C:\Users\jamal\songr\songr\build\classes\java\main\com\songr\songr\SongrApplication.class]
18:51:35.935 [Test worker] INFO org.springframework.boot.test.context.SpringBootTestContextBootstrapper - Found @SpringBootConfiguration com.songr.songr.SongrApplication for test class com.songr.songr.SongrApplicationTests
18:51:36.106 [Test worker] DEBUG org.springframework.boot.test.context.SpringBootTestContextBootstrapper - @TestExecutionListeners is not present for class [com.songr.songr.SongrApplicationTests]: using defaults.
18:51:36.107 [Test worker] INFO org.springframework.boot.test.context.SpringBootTestContextBootstrapper - Loaded default TestExecutionListener class names from location [META-INF/spring.factories]: [org.springframework.boot.test.autoconfigure.restdocs.RestDocsTestExecutionListener, org.springframework.boot.test.autoconfigure.web.client.MockRestServiceServerResetTestExecutionListener, org.springframework.boot.test.autoconfigure.web.servlet.MockMvcPrintOnlyOnFailureTestExecutionListener, org.springframework.boot.test.autoconfigure.web.servlet.WebDriverTestExecutionListener, org.springframework.boot.test.autoconfigure.webservices.client.MockWebServiceServerTestExecutionListener, org.springframework.boot.test.mock.mockito.MockitoTestExecutionListener, org.springframework.boot.test.mock.mockito.ResetMocksTestExecutionListener, org.springframework.test.context.web.ServletTestExecutionListener, org.springframework.test.context.support.DirtiesContextBeforeModesTestExecutionListener, org.springframework.test.context.event.ApplicationEventsTestExecutionListener, org.springframework.test.context.support.DependencyInjectionTestExecutionListener, org.springframework.test.context.support.DirtiesContextTestExecutionListener, org.springframework.test.context.transaction.TransactionalTestExecutionListener, org.springframework.test.context.jdbc.SqlScriptsTestExecutionListener, org.springframework.test.context.event.EventPublishingTestExecutionListener]
18:51:36.130 [Test worker] DEBUG org.springframework.boot.test.context.SpringBootTestContextBootstrapper - Skipping candidate TestExecutionListener [org.springframework.test.context.transaction.TransactionalTestExecutionListener] due to a missing dependency. Specify custom listener classes or make the default listener classes and their required dependencies available. Offending class: [org/springframework/transaction/interceptor/TransactionAttributeSource]
18:51:36.131 [Test worker] DEBUG org.springframework.boot.test.context.SpringBootTestContextBootstrapper - Skipping candidate TestExecutionListener [org.springframework.test.context.jdbc.SqlScriptsTestExecutionListener] due to a missing dependency. Specify custom listener classes or make the default listener classes and their required dependencies available. Offending class: [org/springframework/transaction/interceptor/TransactionAttribute]
18:51:36.132 [Test worker] INFO org.springframework.boot.test.context.SpringBootTestContextBootstrapper - Using TestExecutionListeners: [org.springframework.test.context.web.ServletTestExecutionListener@7bc10d84, org.springframework.test.context.support.DirtiesContextBeforeModesTestExecutionListener@275fe372, org.springframework.test.context.event.ApplicationEventsTestExecutionListener@40e10ff8, org.springframework.boot.test.mock.mockito.MockitoTestExecutionListener@557a1e2d, org.springframework.boot.test.autoconfigure.SpringBootDependencyInjectionTestExecutionListener@26a4842b, org.springframework.test.context.support.DirtiesContextTestExecutionListener@7e38a7fe, org.springframework.test.context.event.EventPublishingTestExecutionListener@366ef90e, org.springframework.boot.test.autoconfigure.restdocs.RestDocsTestExecutionListener@33e01298, org.springframework.boot.test.autoconfigure.web.client.MockRestServiceServerResetTestExecutionListener@31e75d13, org.springframework.boot.test.autoconfigure.web.servlet.MockMvcPrintOnlyOnFailureTestExecutionListener@a5b0b86, org.springframework.boot.test.autoconfigure.web.servlet.WebDriverTestExecutionListener@4b3c354a, org.springframework.boot.test.autoconfigure.webservices.client.MockWebServiceServerTestExecutionListener@78fb9a67, org.springframework.boot.test.mock.mockito.ResetMocksTestExecutionListener@73ff4fae]
18:51:36.143 [Test worker] DEBUG org.springframework.test.context.support.AbstractDirtiesContextTestExecutionListener - Before test class: context [DefaultTestContext@2dbf4cbd testClass = SongrApplicationTests, testInstance = [null], testMethod = [null], testException = [null], mergedContextConfiguration = [WebMergedContextConfiguration@20b5f2ac testClass = SongrApplicationTests, locations = '{}', classes = '{class com.songr.songr.SongrApplication}', contextInitializerClasses = '[]', activeProfiles = '{}', propertySourceLocations = '{}', propertySourceProperties = '{org.springframework.boot.test.context.SpringBootTestContextBootstrapper=true}', contextCustomizers = set[org.springframework.boot.test.autoconfigure.actuate.metrics.MetricsExportContextCustomizerFactory$DisableMetricExportContextCustomizer@5ba88be8, org.springframework.boot.test.autoconfigure.properties.PropertyMappingContextCustomizer@0, org.springframework.boot.test.autoconfigure.web.servlet.WebDriverContextCustomizerFactory$Customizer@e57b96d, org.springframework.boot.test.context.filter.ExcludeFilterContextCustomizer@c94fd30, org.springframework.boot.test.json.DuplicateJsonObjectContextCustomizerFactory$DuplicateJsonObjectContextCustomizer@7f0d96f2, org.springframework.boot.test.mock.mockito.MockitoContextCustomizer@0, org.springframework.boot.test.web.client.TestRestTemplateContextCustomizer@31c7528f, org.springframework.boot.test.context.SpringBootTestArgs@1, org.springframework.boot.test.context.SpringBootTestWebEnvironment@5f683daf], resourceBasePath = 'src/main/webapp', contextLoader = 'org.springframework.boot.test.context.SpringBootContextLoader', parent = [null]], attributes = map['org.springframework.test.context.web.ServletTestExecutionListener.activateListener' -> true]], class annotated with @DirtiesContext [false] with mode [null].
18:51:36.204 [Test worker] DEBUG org.springframework.test.context.support.TestPropertySourceUtils - Adding inlined properties to environment: {spring.jmx.enabled=false, org.springframework.boot.test.context.SpringBootTestContextBootstrapper=true}

  .   ____          _            __ _ _
 /\\ / ___'_ __ _ _(_)_ __  __ _ \ \ \ \
( ( )\___ | '_ | '_| | '_ \/ _` | \ \ \ \
 \\/  ___)| |_)| | | | | || (_| |  ) ) ) )
  '  |____| .__|_| |_|_| |_\__, | / / / /
 =========|_|==============|___/=/_/_/_/
 :: Spring Boot ::                (v2.5.5)

2021-10-10 18:51:36.730  INFO 12796 --- [    Test worker] com.songr.songr.SongrApplicationTests    : Starting SongrApplicationTests using Java 14.0.2 on DESKTOP-UI80TPT with PID 12796 (started by jamal in C:\Users\jamal\songr\songr)
2021-10-10 18:51:36.737  INFO 12796 --- [    Test worker] com.songr.songr.SongrApplicationTests    : No active profile set, falling back to default profiles: default
2021-10-10 18:51:39.614  INFO 12796 --- [    Test worker] com.songr.songr.SongrApplicationTests    : Started SongrApplicationTests in 3.398 seconds (JVM running for 5.385)
]]></system-out>
  <system-err><![CDATA[]]></system-err>
</testsuite>
