<?xml version="1.0" encoding="UTF-8"?>
<testsuite name="com.songr.songr.SongrApplicationTests" tests="1" skipped="0" failures="0" errors="0" timestamp="2021-10-15T17:05:36" hostname="DESKTOP-UI80TPT" time="0.719">
  <properties/>
  <testcase name="testRequestStatusAndReturn()" classname="com.songr.songr.SongrApplicationTests" time="0.719"/>
  <system-out><![CDATA[20:05:29.951 [Test worker] DEBUG org.springframework.test.context.BootstrapUtils - Instantiating CacheAwareContextLoaderDelegate from class [org.springframework.test.context.cache.DefaultCacheAwareContextLoaderDelegate]
20:05:29.964 [Test worker] DEBUG org.springframework.test.context.BootstrapUtils - Instantiating BootstrapContext using constructor [public org.springframework.test.context.support.DefaultBootstrapContext(java.lang.Class,org.springframework.test.context.CacheAwareContextLoaderDelegate)]
20:05:30.014 [Test worker] DEBUG org.springframework.test.context.BootstrapUtils - Instantiating TestContextBootstrapper for test class [com.songr.songr.SongrApplicationTests] from class [org.springframework.boot.test.context.SpringBootTestContextBootstrapper]
20:05:30.027 [Test worker] INFO org.springframework.boot.test.context.SpringBootTestContextBootstrapper - Neither @ContextConfiguration nor @ContextHierarchy found for test class [com.songr.songr.SongrApplicationTests], using SpringBootContextLoader
20:05:30.053 [Test worker] DEBUG org.springframework.test.context.support.AbstractContextLoader - Did not detect default resource location for test class [com.songr.songr.SongrApplicationTests]: class path resource [com/songr/songr/SongrApplicationTests-context.xml] does not exist
20:05:30.055 [Test worker] DEBUG org.springframework.test.context.support.AbstractContextLoader - Did not detect default resource location for test class [com.songr.songr.SongrApplicationTests]: class path resource [com/songr/songr/SongrApplicationTestsContext.groovy] does not exist
20:05:30.055 [Test worker] INFO org.springframework.test.context.support.AbstractContextLoader - Could not detect default resource locations for test class [com.songr.songr.SongrApplicationTests]: no resource found for suffixes {-context.xml, Context.groovy}.
20:05:30.056 [Test worker] INFO org.springframework.test.context.support.AnnotationConfigContextLoaderUtils - Could not detect default configuration classes for test class [com.songr.songr.SongrApplicationTests]: SongrApplicationTests does not declare any static, non-private, non-final, nested classes annotated with @Configuration.
20:05:30.126 [Test worker] DEBUG org.springframework.test.context.support.ActiveProfilesUtils - Could not find an 'annotation declaring class' for annotation type [org.springframework.test.context.ActiveProfiles] and class [com.songr.songr.SongrApplicationTests]
20:05:30.183 [Test worker] DEBUG org.springframework.context.annotation.ClassPathScanningCandidateComponentProvider - Identified candidate component class: file [/home/jamal/301/401/songr/songr/build/classes/java/main/com/songr/songr/SongrApplication.class]
20:05:30.184 [Test worker] INFO org.springframework.boot.test.context.SpringBootTestContextBootstrapper - Found @SpringBootConfiguration com.songr.songr.SongrApplication for test class com.songr.songr.SongrApplicationTests
20:05:30.284 [Test worker] DEBUG org.springframework.boot.test.context.SpringBootTestContextBootstrapper - @TestExecutionListeners is not present for class [com.songr.songr.SongrApplicationTests]: using defaults.
20:05:30.285 [Test worker] INFO org.springframework.boot.test.context.SpringBootTestContextBootstrapper - Loaded default TestExecutionListener class names from location [META-INF/spring.factories]: [org.springframework.boot.test.autoconfigure.restdocs.RestDocsTestExecutionListener, org.springframework.boot.test.autoconfigure.web.client.MockRestServiceServerResetTestExecutionListener, org.springframework.boot.test.autoconfigure.web.servlet.MockMvcPrintOnlyOnFailureTestExecutionListener, org.springframework.boot.test.autoconfigure.web.servlet.WebDriverTestExecutionListener, org.springframework.boot.test.autoconfigure.webservices.client.MockWebServiceServerTestExecutionListener, org.springframework.boot.test.mock.mockito.MockitoTestExecutionListener, org.springframework.boot.test.mock.mockito.ResetMocksTestExecutionListener, org.springframework.test.context.web.ServletTestExecutionListener, org.springframework.test.context.support.DirtiesContextBeforeModesTestExecutionListener, org.springframework.test.context.event.ApplicationEventsTestExecutionListener, org.springframework.test.context.support.DependencyInjectionTestExecutionListener, org.springframework.test.context.support.DirtiesContextTestExecutionListener, org.springframework.test.context.transaction.TransactionalTestExecutionListener, org.springframework.test.context.jdbc.SqlScriptsTestExecutionListener, org.springframework.test.context.event.EventPublishingTestExecutionListener]
20:05:30.306 [Test worker] INFO org.springframework.boot.test.context.SpringBootTestContextBootstrapper - Using TestExecutionListeners: [org.springframework.test.context.web.ServletTestExecutionListener@5d018107, org.springframework.test.context.support.DirtiesContextBeforeModesTestExecutionListener@6cbcf243, org.springframework.test.context.event.ApplicationEventsTestExecutionListener@29e6eb25, org.springframework.boot.test.mock.mockito.MockitoTestExecutionListener@62435e70, org.springframework.boot.test.autoconfigure.SpringBootDependencyInjectionTestExecutionListener@339bf286, org.springframework.test.context.support.DirtiesContextTestExecutionListener@38be305c, org.springframework.test.context.transaction.TransactionalTestExecutionListener@269f4bad, org.springframework.test.context.jdbc.SqlScriptsTestExecutionListener@5ed731d0, org.springframework.test.context.event.EventPublishingTestExecutionListener@3234f74e, org.springframework.boot.test.autoconfigure.restdocs.RestDocsTestExecutionListener@7bc10d84, org.springframework.boot.test.autoconfigure.web.client.MockRestServiceServerResetTestExecutionListener@275fe372, org.springframework.boot.test.autoconfigure.web.servlet.MockMvcPrintOnlyOnFailureTestExecutionListener@40e10ff8, org.springframework.boot.test.autoconfigure.web.servlet.WebDriverTestExecutionListener@557a1e2d, org.springframework.boot.test.autoconfigure.webservices.client.MockWebServiceServerTestExecutionListener@26a4842b, org.springframework.boot.test.mock.mockito.ResetMocksTestExecutionListener@7e38a7fe]
20:05:30.313 [Test worker] DEBUG org.springframework.test.context.support.AbstractDirtiesContextTestExecutionListener - Before test class: context [DefaultTestContext@9ed238c testClass = SongrApplicationTests, testInstance = [null], testMethod = [null], testException = [null], mergedContextConfiguration = [WebMergedContextConfiguration@56276db8 testClass = SongrApplicationTests, locations = '{}', classes = '{class com.songr.songr.SongrApplication}', contextInitializerClasses = '[]', activeProfiles = '{}', propertySourceLocations = '{}', propertySourceProperties = '{org.springframework.boot.test.context.SpringBootTestContextBootstrapper=true}', contextCustomizers = set[org.springframework.boot.test.autoconfigure.actuate.metrics.MetricsExportContextCustomizerFactory$DisableMetricExportContextCustomizer@5f354bcf, org.springframework.boot.test.autoconfigure.properties.PropertyMappingContextCustomizer@4b3fa0b3, org.springframework.boot.test.autoconfigure.web.servlet.WebDriverContextCustomizerFactory$Customizer@130e116b, [ImportsContextCustomizer@51e8e6e6 key = [org.springframework.boot.test.autoconfigure.web.servlet.MockMvcAutoConfiguration, org.springframework.boot.test.autoconfigure.web.servlet.MockMvcWebClientAutoConfiguration, org.springframework.boot.test.autoconfigure.web.servlet.MockMvcWebDriverAutoConfiguration, org.springframework.boot.autoconfigure.security.oauth2.client.servlet.OAuth2ClientAutoConfiguration, org.springframework.boot.autoconfigure.security.oauth2.resource.servlet.OAuth2ResourceServerAutoConfiguration, org.springframework.boot.autoconfigure.security.servlet.SecurityAutoConfiguration, org.springframework.boot.autoconfigure.security.servlet.SecurityFilterAutoConfiguration, org.springframework.boot.autoconfigure.security.servlet.UserDetailsServiceAutoConfiguration, org.springframework.boot.test.autoconfigure.web.servlet.MockMvcSecurityConfiguration]], org.springframework.boot.test.context.filter.ExcludeFilterContextCustomizer@2bd08376, org.springframework.boot.test.json.DuplicateJsonObjectContextCustomizerFactory$DuplicateJsonObjectContextCustomizer@64a40280, org.springframework.boot.test.mock.mockito.MockitoContextCustomizer@0, org.springframework.boot.test.web.client.TestRestTemplateContextCustomizer@5bf8fa12, org.springframework.boot.test.context.SpringBootTestArgs@1, org.springframework.boot.test.context.SpringBootTestWebEnvironment@609db43b], resourceBasePath = 'src/main/webapp', contextLoader = 'org.springframework.boot.test.context.SpringBootContextLoader', parent = [null]], attributes = map['org.springframework.test.context.web.ServletTestExecutionListener.activateListener' -> true]], class annotated with @DirtiesContext [false] with mode [null].
20:05:30.358 [Test worker] DEBUG org.springframework.test.context.support.TestPropertySourceUtils - Adding inlined properties to environment: {spring.jmx.enabled=false, org.springframework.boot.test.context.SpringBootTestContextBootstrapper=true}

  .   ____          _            __ _ _
 /\\ / ___'_ __ _ _(_)_ __  __ _ \ \ \ \
( ( )\___ | '_ | '_| | '_ \/ _` | \ \ \ \
 \\/  ___)| |_)| | | | | || (_| |  ) ) ) )
  '  |____| .__|_| |_|_| |_\__, | / / / /
 =========|_|==============|___/=/_/_/_/
 :: Spring Boot ::                (v2.5.5)

2021-10-15 20:05:30.889  INFO 7096 --- [    Test worker] com.songr.songr.SongrApplicationTests    : Starting SongrApplicationTests using Java 11.0.11 on DESKTOP-UI80TPT with PID 7096 (started by jamal in /home/jamal/301/401/songr/songr)
2021-10-15 20:05:30.900  INFO 7096 --- [    Test worker] com.songr.songr.SongrApplicationTests    : No active profile set, falling back to default profiles: default
2021-10-15 20:05:31.979  INFO 7096 --- [    Test worker] .s.d.r.c.RepositoryConfigurationDelegate : Bootstrapping Spring Data JPA repositories in DEFAULT mode.
2021-10-15 20:05:32.042  INFO 7096 --- [    Test worker] .s.d.r.c.RepositoryConfigurationDelegate : Finished Spring Data repository scanning in 53 ms. Found 2 JPA repository interfaces.
2021-10-15 20:05:32.785  INFO 7096 --- [    Test worker] o.hibernate.jpa.internal.util.LogHelper  : HHH000204: Processing PersistenceUnitInfo [name: default]
2021-10-15 20:05:32.852  INFO 7096 --- [    Test worker] org.hibernate.Version                    : HHH000412: Hibernate ORM core version 5.4.32.Final
2021-10-15 20:05:33.050  INFO 7096 --- [    Test worker] o.hibernate.annotations.common.Version   : HCANN000001: Hibernate Commons Annotations {5.1.2.Final}
2021-10-15 20:05:33.195  INFO 7096 --- [    Test worker] com.zaxxer.hikari.HikariDataSource       : HikariPool-1 - Starting...
2021-10-15 20:05:33.558  INFO 7096 --- [    Test worker] com.zaxxer.hikari.HikariDataSource       : HikariPool-1 - Start completed.
2021-10-15 20:05:33.603  INFO 7096 --- [    Test worker] org.hibernate.dialect.Dialect            : HHH000400: Using dialect: org.hibernate.dialect.PostgreSQL10Dialect
2021-10-15 20:05:34.662  INFO 7096 --- [    Test worker] o.h.e.t.j.p.i.JtaPlatformInitiator       : HHH000490: Using JtaPlatform implementation: [org.hibernate.engine.transaction.jta.platform.internal.NoJtaPlatform]
2021-10-15 20:05:34.669  INFO 7096 --- [    Test worker] j.LocalContainerEntityManagerFactoryBean : Initialized JPA EntityManagerFactory for persistence unit 'default'
2021-10-15 20:05:36.331  INFO 7096 --- [    Test worker] o.s.b.t.m.w.SpringBootMockServletContext : Initializing Spring TestDispatcherServlet ''
2021-10-15 20:05:36.331  INFO 7096 --- [    Test worker] o.s.t.web.servlet.TestDispatcherServlet  : Initializing Servlet ''
2021-10-15 20:05:36.333  INFO 7096 --- [    Test worker] o.s.t.web.servlet.TestDispatcherServlet  : Completed initialization in 2 ms
2021-10-15 20:05:36.362  INFO 7096 --- [    Test worker] com.songr.songr.SongrApplicationTests    : Started SongrApplicationTests in 5.996 seconds (JVM running for 7.449)

MockHttpServletRequest:
      HTTP Method = GET
      Request URI = /hello
       Parameters = {}
          Headers = []
             Body = null
    Session Attrs = {}

Handler:
             Type = com.songr.songr.controller.Controller
           Method = com.songr.songr.controller.Controller#hello(String, Model)

Async:
    Async started = false
     Async result = null

Resolved Exception:
             Type = null

ModelAndView:
        View name = hello
             View = null
        Attribute = name
            value =  Hello From Controller 

FlashMap:
       Attributes = null

MockHttpServletResponse:
           Status = 200
    Error message = null
          Headers = [Content-Language:"en", Content-Type:"text/html;charset=UTF-8"]
     Content type = text/html;charset=UTF-8
             Body = <!DOCTYPE html>
<html lang="en">
<head>
    <meta charset="UTF-8">
    <title>Welcome to my first Spring App</title>
    <link rel="stylesheet" href="style.css">
</head>
<body>
<h1> Songr</h1>
<p>Songr is a Musical app that allows to listen to your favorite musics all the time with affordable prices </p>
<p> Hello From Spring,  Hello From Controller  !</p>
</body>
</html>
    Forwarded URL = null
   Redirected URL = null
          Cookies = []
]]></system-out>
  <system-err><![CDATA[]]></system-err>
</testsuite>
